<?xml version="1.0" encoding="UTF-8"?>
<!-- Generated by org.testng.reporters.JUnitReportReporter -->
<testsuite hostname="DESKTOP-QMCSQFA" failures="0" tests="1" name="Tests.LoginTest" time="28.529" errors="0" timestamp="2024-10-25T22:31:47 IST" skipped="0">
  <testcase classname="Tests.LoginTest" name="validLogin" time="28.529"/>
</testsuite> <!-- Tests.LoginTest -->
